2024-05-09 18:22:54,846 - INFO - Succesfully loaded the data.
2024-05-09 18:22:54,846 - INFO - Results saved to: .\paraules-2.txt
2024-05-09 18:22:54,846 - ERROR - 'list' object is not callable
2024-05-09 18:22:54,846 - INFO - Results saved to: <_io.TextIOWrapper name='.\\paraules-4.txt' mode='wt' encoding='cp1252'>
2024-05-09 18:22:54,847 - ERROR - 'list' object is not callable
2024-05-09 18:22:54,847 - INFO - Results saved to: <_io.TextIOWrapper name='.\\paraules-6.txt' mode='wt' encoding='cp1252'>
2024-05-09 18:22:54,847 - ERROR - 'list' object is not callable
2024-05-09 18:22:54,847 - INFO - Results saved to: <_io.TextIOWrapper name='.\\paraules-8.txt' mode='wt' encoding='cp1252'>
2024-05-09 18:22:54,848 - ERROR - 'list' object is not callable
2024-05-09 18:22:54,848 - INFO - Results saved to: <_io.TextIOWrapper name='.\\paraules-10.txt' mode='wt' encoding='cp1252'>
2024-05-09 18:23:33,873 - INFO - Succesfully loaded the data.
2024-05-09 18:23:33,877 - INFO - Results saved to: .\paraules-2.txt
2024-05-09 18:23:33,878 - ERROR - 'list' object is not callable
2024-05-09 18:23:33,878 - INFO - Results saved to: <_io.TextIOWrapper name='.\\paraules-4.txt' mode='wt' encoding='cp1252'>
2024-05-09 18:23:33,878 - ERROR - 'list' object is not callable
2024-05-09 18:23:33,878 - INFO - Results saved to: <_io.TextIOWrapper name='.\\paraules-6.txt' mode='wt' encoding='cp1252'>
2024-05-09 18:23:33,878 - ERROR - 'list' object is not callable
2024-05-09 18:23:33,878 - INFO - Results saved to: <_io.TextIOWrapper name='.\\paraules-8.txt' mode='wt' encoding='cp1252'>
2024-05-09 18:23:33,878 - ERROR - 'list' object is not callable
2024-05-09 18:23:33,878 - INFO - Results saved to: <_io.TextIOWrapper name='.\\paraules-10.txt' mode='wt' encoding='cp1252'>
2024-05-09 18:23:54,313 - INFO - Succesfully loaded the data.
2024-05-09 18:23:54,313 - INFO - Results saved to: .\paraules-2.txt
2024-05-09 18:23:54,314 - ERROR - 'list' object is not callable
2024-05-09 18:23:54,314 - INFO - Results saved to: <_io.TextIOWrapper name='.\\paraules-4.txt' mode='wt' encoding='cp1252'>
2024-05-09 18:23:54,314 - ERROR - 'list' object is not callable
2024-05-09 18:23:54,314 - INFO - Results saved to: <_io.TextIOWrapper name='.\\paraules-6.txt' mode='wt' encoding='cp1252'>
2024-05-09 18:23:54,314 - ERROR - 'list' object is not callable
2024-05-09 18:23:54,314 - INFO - Results saved to: <_io.TextIOWrapper name='.\\paraules-8.txt' mode='wt' encoding='cp1252'>
2024-05-09 18:23:54,314 - ERROR - 'list' object is not callable
2024-05-09 18:23:54,314 - INFO - Results saved to: <_io.TextIOWrapper name='.\\paraules-10.txt' mode='wt' encoding='cp1252'>
2024-05-09 18:24:11,910 - INFO - Succesfully loaded the data.
2024-05-09 18:24:11,910 - INFO - Results saved to: .\paraules-2.txt
2024-05-09 18:24:11,910 - ERROR - 'list' object is not callable
2024-05-09 18:24:11,910 - INFO - Results saved to: <_io.TextIOWrapper name='.\\paraules-4.txt' mode='wt' encoding='cp1252'>
2024-05-09 18:24:11,911 - ERROR - 'list' object is not callable
2024-05-09 18:24:11,911 - INFO - Results saved to: <_io.TextIOWrapper name='.\\paraules-6.txt' mode='wt' encoding='cp1252'>
2024-05-09 18:24:11,911 - ERROR - 'list' object is not callable
2024-05-09 18:24:11,911 - INFO - Results saved to: <_io.TextIOWrapper name='.\\paraules-8.txt' mode='wt' encoding='cp1252'>
2024-05-09 18:24:11,911 - ERROR - 'list' object is not callable
2024-05-09 18:24:11,911 - INFO - Results saved to: <_io.TextIOWrapper name='.\\paraules-10.txt' mode='wt' encoding='cp1252'>
2024-05-09 18:24:37,119 - INFO - Succesfully loaded the data.
2024-05-09 18:24:37,120 - ERROR - 'list' object is not callable
2024-05-09 18:24:37,120 - INFO - Results saved to: <_io.TextIOWrapper name='.\\paraules-2.txt' mode='wt' encoding='cp1252'>
2024-05-09 18:24:37,120 - ERROR - 'list' object is not callable
2024-05-09 18:24:37,120 - INFO - Results saved to: <_io.TextIOWrapper name='.\\paraules-4.txt' mode='wt' encoding='cp1252'>
2024-05-09 18:24:37,120 - ERROR - 'list' object is not callable
2024-05-09 18:24:37,120 - INFO - Results saved to: <_io.TextIOWrapper name='.\\paraules-6.txt' mode='wt' encoding='cp1252'>
2024-05-09 18:24:37,120 - ERROR - 'list' object is not callable
2024-05-09 18:24:37,120 - INFO - Results saved to: <_io.TextIOWrapper name='.\\paraules-8.txt' mode='wt' encoding='cp1252'>
2024-05-09 18:24:37,121 - ERROR - 'list' object is not callable
2024-05-09 18:24:37,121 - INFO - Results saved to: <_io.TextIOWrapper name='.\\paraules-10.txt' mode='wt' encoding='cp1252'>
2024-05-09 18:25:06,134 - INFO - Succesfully loaded the data.
2024-05-09 18:25:06,135 - ERROR - 'list' object is not callable
2024-05-09 18:25:06,135 - INFO - Results saved to: <_io.TextIOWrapper name='.\\paraules-2.txt' mode='wt' encoding='cp1252'>
2024-05-09 18:25:06,135 - ERROR - 'list' object is not callable
2024-05-09 18:25:06,135 - INFO - Results saved to: <_io.TextIOWrapper name='.\\paraules-4.txt' mode='wt' encoding='cp1252'>
2024-05-09 18:25:06,135 - ERROR - 'list' object is not callable
2024-05-09 18:25:06,135 - INFO - Results saved to: <_io.TextIOWrapper name='.\\paraules-6.txt' mode='wt' encoding='cp1252'>
2024-05-09 18:25:06,136 - ERROR - 'list' object is not callable
2024-05-09 18:25:06,136 - INFO - Results saved to: <_io.TextIOWrapper name='.\\paraules-8.txt' mode='wt' encoding='cp1252'>
2024-05-09 18:25:06,136 - ERROR - 'list' object is not callable
2024-05-09 18:25:06,136 - INFO - Results saved to: <_io.TextIOWrapper name='.\\paraules-10.txt' mode='wt' encoding='cp1252'>
2024-05-09 18:25:17,102 - INFO - Succesfully loaded the data.
2024-05-09 18:25:17,109 - INFO - Results saved to: <_io.TextIOWrapper name='.\\paraules-2.txt' mode='wt' encoding='cp1252'>
2024-05-09 18:25:17,109 - ERROR - 'list' object is not callable
2024-05-09 18:25:17,109 - INFO - Results saved to: <_io.TextIOWrapper name='.\\paraules-4.txt' mode='wt' encoding='cp1252'>
2024-05-09 18:25:17,110 - ERROR - 'list' object is not callable
2024-05-09 18:25:17,110 - INFO - Results saved to: <_io.TextIOWrapper name='.\\paraules-6.txt' mode='wt' encoding='cp1252'>
2024-05-09 18:25:17,110 - ERROR - 'list' object is not callable
2024-05-09 18:25:17,110 - INFO - Results saved to: <_io.TextIOWrapper name='.\\paraules-8.txt' mode='wt' encoding='cp1252'>
2024-05-09 18:25:17,110 - ERROR - 'list' object is not callable
2024-05-09 18:25:17,110 - INFO - Results saved to: <_io.TextIOWrapper name='.\\paraules-10.txt' mode='wt' encoding='cp1252'>
2024-05-09 18:25:41,572 - INFO - Succesfully loaded the data.
2024-05-09 18:25:41,572 - INFO - Results saved to: <_io.TextIOWrapper name='.\\paraules-2.txt' mode='wt' encoding='cp1252'>
2024-05-09 18:25:41,573 - ERROR - 'list' object is not callable
2024-05-09 18:25:41,573 - INFO - Results saved to: <_io.TextIOWrapper name='.\\paraules-4.txt' mode='wt' encoding='cp1252'>
2024-05-09 18:25:41,573 - ERROR - 'list' object is not callable
2024-05-09 18:25:41,573 - INFO - Results saved to: <_io.TextIOWrapper name='.\\paraules-6.txt' mode='wt' encoding='cp1252'>
2024-05-09 18:25:41,573 - ERROR - 'list' object is not callable
2024-05-09 18:25:41,573 - INFO - Results saved to: <_io.TextIOWrapper name='.\\paraules-8.txt' mode='wt' encoding='cp1252'>
2024-05-09 18:25:41,573 - ERROR - 'list' object is not callable
2024-05-09 18:25:41,573 - INFO - Results saved to: <_io.TextIOWrapper name='.\\paraules-10.txt' mode='wt' encoding='cp1252'>
2024-05-09 18:26:12,356 - INFO - Succesfully loaded the data.
2024-05-09 18:26:12,365 - INFO - Results saved to: <_io.TextIOWrapper name='.\\paraules-2.txt' mode='wt' encoding='utf-8'>
2024-05-09 18:26:12,366 - ERROR - 'list' object is not callable
2024-05-09 18:26:12,366 - INFO - Results saved to: <_io.TextIOWrapper name='.\\paraules-4.txt' mode='wt' encoding='cp1252'>
2024-05-09 18:26:12,366 - ERROR - 'list' object is not callable
2024-05-09 18:26:12,366 - INFO - Results saved to: <_io.TextIOWrapper name='.\\paraules-6.txt' mode='wt' encoding='cp1252'>
2024-05-09 18:26:12,366 - ERROR - 'list' object is not callable
2024-05-09 18:26:12,366 - INFO - Results saved to: <_io.TextIOWrapper name='.\\paraules-8.txt' mode='wt' encoding='cp1252'>
2024-05-09 18:26:12,366 - ERROR - 'list' object is not callable
2024-05-09 18:26:12,366 - INFO - Results saved to: <_io.TextIOWrapper name='.\\paraules-10.txt' mode='wt' encoding='cp1252'>
2024-05-09 18:27:17,186 - INFO - Succesfully loaded the data.
2024-05-09 18:27:17,195 - INFO - Results saved to: <_io.TextIOWrapper name='.\\paraules-2.txt' mode='wt' encoding='utf-8'>
2024-05-09 18:27:17,200 - INFO - Results saved to: <_io.TextIOWrapper name='.\\paraules-4.txt' mode='wt' encoding='cp1252'>
2024-05-09 18:27:17,201 - INFO - Results saved to: <_io.TextIOWrapper name='.\\paraules-6.txt' mode='wt' encoding='utf-8'>
2024-05-09 18:27:17,201 - INFO - Results saved to: <_io.TextIOWrapper name='.\\paraules-8.txt' mode='wt' encoding='utf-8'>
2024-05-09 18:27:17,201 - INFO - Results saved to: <_io.TextIOWrapper name='.\\paraules-10.txt' mode='wt' encoding='utf-8'>
2024-05-09 18:27:58,905 - INFO - Succesfully loaded the data.
2024-05-09 18:27:58,905 - INFO - Results saved to: <_io.TextIOWrapper name='.\\paraules-2.txt' mode='wt' encoding='utf-8'>
2024-05-09 18:27:58,906 - INFO - Results saved to: <_io.TextIOWrapper name='.\\paraules-4.txt' mode='wt' encoding='cp1252'>
2024-05-09 18:27:58,906 - INFO - Results saved to: <_io.TextIOWrapper name='.\\paraules-6.txt' mode='wt' encoding='utf-8'>
2024-05-09 18:27:58,906 - INFO - Results saved to: <_io.TextIOWrapper name='.\\paraules-8.txt' mode='wt' encoding='utf-8'>
2024-05-09 18:27:58,907 - INFO - Results saved to: <_io.TextIOWrapper name='.\\paraules-10.txt' mode='wt' encoding='utf-8'>
2024-05-09 18:29:06,617 - INFO - Succesfully loaded the data.
2024-05-09 18:29:06,617 - INFO - Results saved to: <_io.TextIOWrapper name='.\\paraules-2.txt' mode='wt' encoding='utf-8'>
2024-05-09 18:29:06,618 - INFO - Results saved to: <_io.TextIOWrapper name='.\\paraules-4.txt' mode='wt' encoding='cp1252'>
2024-05-09 18:29:06,618 - INFO - Results saved to: <_io.TextIOWrapper name='.\\paraules-6.txt' mode='wt' encoding='utf-8'>
2024-05-09 18:29:06,618 - INFO - Results saved to: <_io.TextIOWrapper name='.\\paraules-8.txt' mode='wt' encoding='utf-8'>
2024-05-09 18:29:06,619 - INFO - Results saved to: <_io.TextIOWrapper name='.\\paraules-10.txt' mode='wt' encoding='utf-8'>
2024-05-09 18:29:46,688 - INFO - Succesfully loaded the data.
2024-05-09 18:29:46,689 - INFO - Results saved to: <_io.TextIOWrapper name='.\\paraules-2.txt' mode='wt' encoding='utf-8'>
2024-05-09 18:29:46,689 - INFO - Results saved to: <_io.TextIOWrapper name='.\\paraules-4.txt' mode='wt' encoding='cp1252'>
2024-05-09 18:29:46,689 - INFO - Results saved to: <_io.TextIOWrapper name='.\\paraules-6.txt' mode='wt' encoding='utf-8'>
2024-05-09 18:29:46,689 - INFO - Results saved to: <_io.TextIOWrapper name='.\\paraules-8.txt' mode='wt' encoding='utf-8'>
2024-05-09 18:29:46,690 - INFO - Results saved to: <_io.TextIOWrapper name='.\\paraules-10.txt' mode='wt' encoding='utf-8'>
2024-05-09 18:30:28,194 - INFO - Succesfully loaded the data.
2024-05-09 18:30:28,194 - INFO - Results saved to: <_io.TextIOWrapper name='.\\paraules-2.txt' mode='wt' encoding='utf-8'>
2024-05-09 18:30:28,194 - INFO - Results saved to: <_io.TextIOWrapper name='.\\paraules-4.txt' mode='wt' encoding='cp1252'>
2024-05-09 18:30:28,195 - INFO - Results saved to: <_io.TextIOWrapper name='.\\paraules-6.txt' mode='wt' encoding='utf-8'>
2024-05-09 18:30:28,195 - INFO - Results saved to: <_io.TextIOWrapper name='.\\paraules-8.txt' mode='wt' encoding='utf-8'>
2024-05-09 18:30:28,196 - INFO - Results saved to: <_io.TextIOWrapper name='.\\paraules-10.txt' mode='wt' encoding='utf-8'>
2024-05-09 18:31:11,364 - INFO - Succesfully loaded the data.
2024-05-09 18:31:11,364 - INFO - Results saved to: <_io.TextIOWrapper name='.\\paraules-2.txt' mode='wt' encoding='utf-8'>
2024-05-09 18:31:11,365 - INFO - Results saved to: <_io.TextIOWrapper name='.\\paraules-4.txt' mode='wt' encoding='cp1252'>
2024-05-09 18:31:11,365 - INFO - Results saved to: <_io.TextIOWrapper name='.\\paraules-6.txt' mode='wt' encoding='utf-8'>
2024-05-09 18:31:11,365 - INFO - Results saved to: <_io.TextIOWrapper name='.\\paraules-8.txt' mode='wt' encoding='utf-8'>
2024-05-09 18:31:11,366 - INFO - Results saved to: <_io.TextIOWrapper name='.\\paraules-10.txt' mode='wt' encoding='utf-8'>
2024-05-09 18:32:19,940 - INFO - Succesfully loaded the data.
2024-05-09 18:32:19,941 - INFO - Results saved to: <_io.TextIOWrapper name='.\\paraules-2.txt' mode='wt' encoding='utf-8'>
2024-05-09 18:32:19,941 - INFO - Results saved to: <_io.TextIOWrapper name='.\\paraules-4.txt' mode='wt' encoding='cp1252'>
2024-05-09 18:32:19,941 - INFO - Results saved to: <_io.TextIOWrapper name='.\\paraules-6.txt' mode='wt' encoding='utf-8'>
2024-05-09 18:32:19,942 - INFO - Results saved to: <_io.TextIOWrapper name='.\\paraules-8.txt' mode='wt' encoding='utf-8'>
2024-05-09 18:32:19,942 - INFO - Results saved to: <_io.TextIOWrapper name='.\\paraules-10.txt' mode='wt' encoding='utf-8'>
2024-05-09 18:32:34,178 - INFO - Succesfully loaded the data.
2024-05-09 18:32:34,178 - INFO - Results saved to: <_io.TextIOWrapper name='.\\paraules-2.txt' mode='wt' encoding='utf-8'>
2024-05-09 18:32:34,178 - INFO - Results saved to: <_io.TextIOWrapper name='.\\paraules-4.txt' mode='wt' encoding='cp1252'>
2024-05-09 18:32:34,178 - INFO - Results saved to: <_io.TextIOWrapper name='.\\paraules-6.txt' mode='wt' encoding='utf-8'>
2024-05-09 18:32:34,178 - INFO - Results saved to: <_io.TextIOWrapper name='.\\paraules-8.txt' mode='wt' encoding='utf-8'>
2024-05-09 18:32:34,179 - INFO - Results saved to: <_io.TextIOWrapper name='.\\paraules-10.txt' mode='wt' encoding='utf-8'>
